<?xml version="1.0" encoding="UTF-8"?>
<!-- Generated by org.testng.reporters.JUnitReportReporter -->
<testsuite hostname="DESKTOP-P3K3P5S" failures="0" tests="1" name="TestLayer.LoginpageTest" time="17.818" errors="0" timestamp="2023-02-10T17:12:28 IST" skipped="0">
  <testcase classname="TestLayer.LoginpageTest" name="LoginpageFunctinality" time="17.818"/>
  <system-out/>
</testsuite> <!-- TestLayer.LoginpageTest -->
